Fri Nov 03 2017 10:53:51 GMT+0100 (Hora estándar romance):GET /about
Fri Nov 03 2017 10:53:54 GMT+0100 (Hora estándar romance):GET /
Fri Nov 03 2017 10:53:55 GMT+0100 (Hora estándar romance):GET /about
Fri Nov 03 2017 10:53:56 GMT+0100 (Hora estándar romance):GET /
Fri Nov 03 2017 11:03:02 GMT+0100 (Hora estándar romance):GET /
Fri Nov 03 2017 11:03:04 GMT+0100 (Hora estándar romance):GET /
Sat Nov 04 2017 14:12:19 GMT+0100 (Hora estándar romance):GET /
Sat Nov 04 2017 14:12:19 GMT+0100 (Hora estándar romance):GET /favicon.ico
Sat Nov 04 2017 14:12:31 GMT+0100 (Hora estándar romance):GET /
Sat Nov 04 2017 14:12:36 GMT+0100 (Hora estándar romance):GET /
Sat Nov 04 2017 14:12:37 GMT+0100 (Hora estándar romance):GET /
Sat Nov 04 2017 14:12:37 GMT+0100 (Hora estándar romance):GET /
Sat Nov 04 2017 14:13:21 GMT+0100 (Hora estándar romance):GET /
Sat Nov 04 2017 14:13:22 GMT+0100 (Hora estándar romance):GET /
Sat Nov 04 2017 14:13:22 GMT+0100 (Hora estándar romance):GET /
Sat Nov 04 2017 14:13:23 GMT+0100 (Hora estándar romance):GET /
Sat Nov 04 2017 14:13:23 GMT+0100 (Hora estándar romance):GET /favicon.ico
Sat Nov 04 2017 14:13:25 GMT+0100 (Hora estándar romance):GET /
Sat Nov 04 2017 14:13:26 GMT+0100 (Hora estándar romance):GET /portfolio
Sat Nov 04 2017 14:13:26 GMT+0100 (Hora estándar romance):GET /about
Sat Nov 04 2017 14:13:27 GMT+0100 (Hora estándar romance):GET /portfolio
Sat Nov 04 2017 14:13:28 GMT+0100 (Hora estándar romance):GET /
Sat Nov 04 2017 14:13:29 GMT+0100 (Hora estándar romance):GET /portfolio
Sat Nov 04 2017 14:13:29 GMT+0100 (Hora estándar romance):GET /about
Sat Nov 04 2017 14:13:56 GMT+0100 (Hora estándar romance):GET /about
Sat Nov 04 2017 14:13:57 GMT+0100 (Hora estándar romance):GET /portfolio
Sat Nov 04 2017 14:13:58 GMT+0100 (Hora estándar romance):GET /
Sat Nov 04 2017 14:13:59 GMT+0100 (Hora estándar romance):GET /about
Sat Nov 04 2017 14:13:59 GMT+0100 (Hora estándar romance):GET /portfolio
